Using pre-set license
Built from '2021.3/staging' branch; Version is '2021.3.24f1 (cf10dcf7010d) revision 13570268'; Using compiler version '192829333'; Build Type 'Release'
OS: 'Windows 10  (10.0.19045) 64bit Professional' Language: 'es' Physical Memory: 16308 MB
BatchMode: 1, IsHumanControllingUs: 0, StartBugReporterOnCrash: 0, Is64bit: 1, IsPro: 1

COMMAND LINE ARGUMENTS:
E:\Unity editors\2021.3.24f1\Editor\Unity.exe
-adb2
-batchMode
-noUpm
-name
AssetImportWorker0
-projectPath
E:/repos/Manolo_02/proyecto
-logFile
Logs/AssetImportWorker0.log
-srvPort
53527
Successfully changed project path to: E:/repos/Manolo_02/proyecto
E:/repos/Manolo_02/proyecto
[UnityMemory] Configuration Parameters - Can be set up in boot.config
    "memorysetup-bucket-allocator-granularity=16"
    "memorysetup-bucket-allocator-bucket-count=8"
    "memorysetup-bucket-allocator-block-size=33554432"
    "memorysetup-bucket-allocator-block-count=8"
    "memorysetup-main-allocator-block-size=16777216"
    "memorysetup-thread-allocator-block-size=16777216"
    "memorysetup-gfx-main-allocator-block-size=16777216"
    "memorysetup-gfx-thread-allocator-block-size=16777216"
    "memorysetup-cache-allocator-block-size=4194304"
    "memorysetup-typetree-allocator-block-size=2097152"
    "memorysetup-profiler-bucket-allocator-granularity=16"
    "memorysetup-profiler-bucket-allocator-bucket-count=8"
    "memorysetup-profiler-bucket-allocator-block-size=33554432"
    "memorysetup-profiler-bucket-allocator-block-count=8"
    "memorysetup-profiler-allocator-block-size=16777216"
    "memorysetup-profiler-editor-allocator-block-size=1048576"
    "memorysetup-temp-allocator-size-main=16777216"
    "memorysetup-job-temp-allocator-block-size=2097152"
    "memorysetup-job-temp-allocator-block-size-background=1048576"
    "memorysetup-job-temp-allocator-reduction-small-platforms=262144"
    "memorysetup-temp-allocator-size-background-worker=32768"
    "memorysetup-temp-allocator-size-job-worker=262144"
    "memorysetup-temp-allocator-size-preload-manager=33554432"
    "memorysetup-temp-allocator-size-nav-mesh-worker=65536"
    "memorysetup-temp-allocator-size-audio-worker=65536"
    "memorysetup-temp-allocator-size-cloud-worker=32768"
    "memorysetup-temp-allocator-size-gi-baking-worker=262144"
    "memorysetup-temp-allocator-size-gfx=262144"
Player connection [28020] Host "[IP] 26.162.254.252 [Port] 0 [Flags] 2 [Guid] 1151789028 [EditorId] 1151789028 [Version] 1048832 [Id] WindowsEditor(7,DESKTOP-HPLPSRK) [Debug] 1 [PackageName] WindowsEditor [ProjectName] Editor" joined multi-casting on [225.0.0.222:54997]...

Player connection [28020] Host "[IP] 26.162.254.252 [Port] 0 [Flags] 2 [Guid] 1151789028 [EditorId] 1151789028 [Version] 1048832 [Id] WindowsEditor(7,DESKTOP-HPLPSRK) [Debug] 1 [PackageName] WindowsEditor [ProjectName] Editor" joined alternative multi-casting on [225.0.0.222:34997]...

Refreshing native plugins compatible for Editor in 73.98 ms, found 4 plugins.
Preloading 0 native plugins for Editor in 0.00 ms.
Initialize engine version: 2021.3.24f1 (cf10dcf7010d)
[Subsystems] Discovering subsystems at path E:/Unity editors/2021.3.24f1/Editor/Data/Resources/UnitySubsystems
[Subsystems] Discovering subsystems at path E:/repos/Manolo_02/proyecto/Assets
GfxDevice: creating device client; threaded=0; jobified=0
Direct3D:
    Version:  Direct3D 11.0 [level 11.1]
    Renderer: NVIDIA GeForce RTX 3060 Ti (ID=0x2489)
    Vendor:   NVIDIA
    VRAM:     8024 MB
    Driver:   32.0.15.6094
Initialize mono
Mono path[0] = 'E:/Unity editors/2021.3.24f1/Editor/Data/Managed'
Mono path[1] = 'E:/Unity editors/2021.3.24f1/Editor/Data/MonoBleedingEdge/lib/mono/unityjit-win32'
Mono config path = 'E:/Unity editors/2021.3.24f1/Editor/Data/MonoBleedingEdge/etc'
Using monoOptions --debugger-agent=transport=dt_socket,embedding=1,server=y,suspend=n,address=127.0.0.1:56640
Begin MonoManager ReloadAssembly
Registering precompiled unity dll's ...
Register platform support module: E:/Unity editors/2021.3.24f1/Editor/Data/PlaybackEngines/WebGLSupport/UnityEditor.WebGL.Extensions.dll
Register platform support module: E:/Unity editors/2021.3.24f1/Editor/Data/PlaybackEngines/WindowsStandaloneSupport/UnityEditor.WindowsStandalone.Extensions.dll
Register platform support module: E:/Unity editors/2021.3.24f1/Editor/Data/PlaybackEngines/MetroSupport/UnityEditor.UWP.Extensions.dll
Registered in 0.002595 seconds.
Native extension for UWP target not found
Native extension for WindowsStandalone target not found
Native extension for WebGL target not found
Refreshing native plugins compatible for Editor in 69.84 ms, found 4 plugins.
Preloading 0 native plugins for Editor in 0.00 ms.
Mono: successfully reloaded assembly
- Completed reload, in  0.447 seconds
Domain Reload Profiling:
	ReloadAssembly (448ms)
		BeginReloadAssembly (70ms)
			ExecutionOrderSort (0ms)
			DisableScriptedObjects (0ms)
			BackupInstance (0ms)
			ReleaseScriptingObjects (0ms)
			CreateAndSetChildDomain (0ms)
		EndReloadAssembly (315ms)
			LoadAssemblies (70ms)
			RebuildTransferFunctionScriptingTraits (0ms)
			SetupTypeCache (70ms)
			ReleaseScriptCaches (0ms)
			RebuildScriptCaches (17ms)
			SetupLoadedEditorAssemblies (193ms)
				LogAssemblyErrors (0ms)
				InitializePlatformSupportModulesInManaged (6ms)
				SetLoadedEditorAssemblies (0ms)
				RefreshPlugins (70ms)
				BeforeProcessingInitializeOnLoad (1ms)
				ProcessInitializeOnLoadAttributes (86ms)
				ProcessInitializeOnLoadMethodAttributes (30ms)
				AfterProcessingInitializeOnLoad (0ms)
				EditorAssembliesLoaded (0ms)
			ExecutionOrderSort2 (0ms)
			AwakeInstancesAfterBackupRestoration (0ms)
Platform modules already initialized, skipping
Registering precompiled user dll's ...
Registered in 0.005141 seconds.
Begin MonoManager ReloadAssembly
Symbol file LoadedFromMemory doesn't match image E:\repos\Manolo_02\proyecto\Library\PackageCache\com.unity.visualscripting@1.8.0\Editor\VisualScripting.Core\Dependencies\YamlDotNet\Unity.VisualScripting.YamlDotNet.dll
Symbol file LoadedFromMemory doesn't match image E:\repos\Manolo_02\proyecto\Library\PackageCache\com.unity.visualscripting@1.8.0\Editor\VisualScripting.Core\Dependencies\DotNetZip\Unity.VisualScripting.IonicZip.dll
Native extension for UWP target not found
Native extension for WindowsStandalone target not found
Native extension for WebGL target not found
Refreshing native plugins compatible for Editor in 70.66 ms, found 4 plugins.
Preloading 0 native plugins for Editor in 0.00 ms.
Mono: successfully reloaded assembly
- Completed reload, in  0.801 seconds
Domain Reload Profiling:
	ReloadAssembly (802ms)
		BeginReloadAssembly (97ms)
			ExecutionOrderSort (0ms)
			DisableScriptedObjects (4ms)
			BackupInstance (0ms)
			ReleaseScriptingObjects (0ms)
			CreateAndSetChildDomain (15ms)
		EndReloadAssembly (633ms)
			LoadAssemblies (84ms)
			RebuildTransferFunctionScriptingTraits (0ms)
			SetupTypeCache (157ms)
			ReleaseScriptCaches (1ms)
			RebuildScriptCaches (41ms)
			SetupLoadedEditorAssemblies (342ms)
				LogAssemblyErrors (0ms)
				InitializePlatformSupportModulesInManaged (3ms)
				SetLoadedEditorAssemblies (0ms)
				RefreshPlugins (71ms)
				BeforeProcessingInitializeOnLoad (61ms)
				ProcessInitializeOnLoadAttributes (178ms)
				ProcessInitializeOnLoadMethodAttributes (26ms)
				AfterProcessingInitializeOnLoad (2ms)
				EditorAssembliesLoaded (0ms)
			ExecutionOrderSort2 (0ms)
			AwakeInstancesAfterBackupRestoration (4ms)
Platform modules already initialized, skipping
========================================================================
Worker process is ready to serve import requests
Launched and connected shader compiler UnityShaderCompiler.exe after 0.04 seconds
Refreshing native plugins compatible for Editor in 0.88 ms, found 4 plugins.
Preloading 0 native plugins for Editor in 0.00 ms.
Unloading 3958 Unused Serialized files (Serialized files now loaded: 0)
Unloading 48 unused Assets / (129.6 KB). Loaded Objects now: 4419.
Memory consumption went from 153.3 MB to 153.1 MB.
Total: 2.733400 ms (FindLiveObjects: 0.230000 ms CreateObjectMapping: 0.130600 ms MarkObjects: 2.256600 ms  DeleteObjects: 0.115500 ms)

AssetImportParameters requested are different than current active one (requested -> active):
  custom:video-decoder-ogg-theora: a1e56fd34408186e4bbccfd4996cb3dc -> 
  custom:container-muxer-webm: aa71ff27fc2769a1b78a27578f13a17b -> 
  custom:container-demuxer-webm: 4f35f7cbe854078d1ac9338744f61a02 -> 
  custom:video-encoder-webm-vp8: eb34c28f22e8b96e1ab97ce403110664 -> 
  custom:audio-encoder-webm-vorbis: bf7c407c2cedff20999df2af8eb42d56 -> 
  custom:framework-win-MediaFoundation: 216162199b28c13a410421893ffa2e32 -> 
  custom:container-demuxer-ogg: 62fdf1f143b41e24485cea50d1cbac27 -> 
  custom:video-decoder-webm-vp8: 9c59270c3fd7afecdb556c50c9e8de78 -> 
  custom:audio-decoder-ogg-vorbis: bf7c407c2cedff20999df2af8eb42d56 -> 
========================================================================
Received Import Request.
  Time since last request: 561833.152229 seconds.
  path: Assets/Sprites/Coin_Gems
  artifactKey: Guid(c5f1b5137eeab1c4a9d022fece945c94) Importer(815301076,1909f56bfc062723c751e8b465ee728b)
Start importing Assets/Sprites/Coin_Gems using Guid(c5f1b5137eeab1c4a9d022fece945c94) Importer(815301076,1909f56bfc062723c751e8b465ee728b)  -> (artifact id: '4c012373ad8cc1fb4ab316090f619a2f') in 0.011073 seconds 
========================================================================
Received Import Request.
  Time since last request: 0.000013 seconds.
  path: Assets/Sprites/Coin_Gems/spr_coin_azu.png
  artifactKey: Guid(cd1b4b71afc193e48b43c8048fc0a3eb) Importer(815301076,1909f56bfc062723c751e8b465ee728b)
Start importing Assets/Sprites/Coin_Gems/spr_coin_azu.png using Guid(cd1b4b71afc193e48b43c8048fc0a3eb) Importer(815301076,1909f56bfc062723c751e8b465ee728b)  -> (artifact id: '7a46d689aa926512b58ac574cf6d6a83') in 0.134441 seconds 
========================================================================
Received Import Request.
  Time since last request: 0.000015 seconds.
  path: Assets/Sprites/Coin_Gems/MonedaP.png
  artifactKey: Guid(b81e303b975d1884b96fcb12cab857a7) Importer(815301076,1909f56bfc062723c751e8b465ee728b)
Start importing Assets/Sprites/Coin_Gems/MonedaP.png using Guid(b81e303b975d1884b96fcb12cab857a7) Importer(815301076,1909f56bfc062723c751e8b465ee728b)  -> (artifact id: '2951fc24475b6ff0e26155bf6183a0b7') in 0.015608 seconds 
========================================================================
Received Import Request.
  Time since last request: 0.000020 seconds.
  path: Assets/Sprites/Coin_Gems/spr_coin_gri.png
  artifactKey: Guid(a99a03e2ae764ac4d8458023c7317e38) Importer(815301076,1909f56bfc062723c751e8b465ee728b)
Start importing Assets/Sprites/Coin_Gems/spr_coin_gri.png using Guid(a99a03e2ae764ac4d8458023c7317e38) Importer(815301076,1909f56bfc062723c751e8b465ee728b)  -> (artifact id: '6caeb1a817fa16e89eb79089a0778ba4') in 0.017327 seconds 
========================================================================
Received Import Request.
  Time since last request: 0.000014 seconds.
  path: Assets/Sprites/Enemies
  artifactKey: Guid(8c385931eb706d040989769ae5d2745f) Importer(815301076,1909f56bfc062723c751e8b465ee728b)
Start importing Assets/Sprites/Enemies using Guid(8c385931eb706d040989769ae5d2745f) Importer(815301076,1909f56bfc062723c751e8b465ee728b)  -> (artifact id: '711b06374fa02f66ea528edbdafd9b43') in 0.005257 seconds 
========================================================================
Received Import Request.
  Time since last request: 0.000012 seconds.
  path: Assets/Sprites/Coin_Gems/spr_coin_strip4.png
  artifactKey: Guid(5cc6c4c198319ef4ba202c8b2bbf6e34) Importer(815301076,1909f56bfc062723c751e8b465ee728b)
Start importing Assets/Sprites/Coin_Gems/spr_coin_strip4.png using Guid(5cc6c4c198319ef4ba202c8b2bbf6e34) Importer(815301076,1909f56bfc062723c751e8b465ee728b)  -> (artifact id: 'e2235cc971abe9ec6d1bcef24ddf6756') in 0.036100 seconds 
========================================================================
Received Import Request.
  Time since last request: 0.000013 seconds.
  path: Assets/Sprites/Coin_Gems/spr_coin_roj.png
  artifactKey: Guid(22adf80b72df2714786ba306f3679d61) Importer(815301076,1909f56bfc062723c751e8b465ee728b)
Start importing Assets/Sprites/Coin_Gems/spr_coin_roj.png using Guid(22adf80b72df2714786ba306f3679d61) Importer(815301076,1909f56bfc062723c751e8b465ee728b)  -> (artifact id: 'cb415624102804bf85c2f7fa6d55d79e') in 0.025072 seconds 
========================================================================
Received Import Request.
  Time since last request: 0.000013 seconds.
  path: Assets/Sprites/Coin_Gems/MonedaD.png
  artifactKey: Guid(fe14210f0a383d84581f8cc0c4e969f3) Importer(815301076,1909f56bfc062723c751e8b465ee728b)
Start importing Assets/Sprites/Coin_Gems/MonedaD.png using Guid(fe14210f0a383d84581f8cc0c4e969f3) Importer(815301076,1909f56bfc062723c751e8b465ee728b)  -> (artifact id: '90917342e4f0a6780d822a9c29ae60bb') in 0.018584 seconds 
========================================================================
Received Import Request.
  Time since last request: 0.000013 seconds.
  path: Assets/Sprites/Coin_Gems/spr_coin_ama.png
  artifactKey: Guid(511706a9c0c25cc408dd82f7ad1e2a30) Importer(815301076,1909f56bfc062723c751e8b465ee728b)
Start importing Assets/Sprites/Coin_Gems/spr_coin_ama.png using Guid(511706a9c0c25cc408dd82f7ad1e2a30) Importer(815301076,1909f56bfc062723c751e8b465ee728b)  -> (artifact id: 'd166c3744866473185cf4a4484211c19') in 0.013472 seconds 
========================================================================
Received Import Request.
  Time since last request: 0.000012 seconds.
  path: Assets/Sprites/Coin_Gems/MonedaR.png
  artifactKey: Guid(b55a1b05857ca844499b72a7025e5e9b) Importer(815301076,1909f56bfc062723c751e8b465ee728b)
Start importing Assets/Sprites/Coin_Gems/MonedaR.png using Guid(b55a1b05857ca844499b72a7025e5e9b) Importer(815301076,1909f56bfc062723c751e8b465ee728b)  -> (artifact id: 'a18d4b563cae984a92661fb8fd24034c') in 0.032088 seconds 
========================================================================
Received Import Request.
  Time since last request: 11.130179 seconds.
  path: Assets/Scenes/Nivel 02.unity
  artifactKey: Guid(585d28b2e99e95648b83bfce1ef77212) Importer(815301076,1909f56bfc062723c751e8b465ee728b)
Start importing Assets/Scenes/Nivel 02.unity using Guid(585d28b2e99e95648b83bfce1ef77212) Importer(815301076,1909f56bfc062723c751e8b465ee728b)  -> (artifact id: '8aa5548fd29a99c41f8ff5fd9054d6da') in 0.006403 seconds 
========================================================================
Received Prepare
Registering precompiled user dll's ...
Registered in 0.005577 seconds.
Begin MonoManager ReloadAssembly
Symbol file LoadedFromMemory doesn't match image E:\repos\Manolo_02\proyecto\Library\PackageCache\com.unity.visualscripting@1.8.0\Editor\VisualScripting.Core\Dependencies\YamlDotNet\Unity.VisualScripting.YamlDotNet.dll
Symbol file LoadedFromMemory doesn't match image E:\repos\Manolo_02\proyecto\Library\PackageCache\com.unity.visualscripting@1.8.0\Editor\VisualScripting.Core\Dependencies\DotNetZip\Unity.VisualScripting.IonicZip.dll
Native extension for UWP target not found
Native extension for WindowsStandalone target not found
Native extension for WebGL target not found
Refreshing native plugins compatible for Editor in 0.89 ms, found 4 plugins.
Preloading 0 native plugins for Editor in 0.00 ms.
Mono: successfully reloaded assembly
- Completed reload, in  0.685 seconds
Domain Reload Profiling:
	ReloadAssembly (685ms)
		BeginReloadAssembly (113ms)
			ExecutionOrderSort (0ms)
			DisableScriptedObjects (5ms)
			BackupInstance (0ms)
			ReleaseScriptingObjects (0ms)
			CreateAndSetChildDomain (27ms)
		EndReloadAssembly (511ms)
			LoadAssemblies (84ms)
			RebuildTransferFunctionScriptingTraits (0ms)
			SetupTypeCache (152ms)
			ReleaseScriptCaches (1ms)
			RebuildScriptCaches (30ms)
			SetupLoadedEditorAssemblies (236ms)
				LogAssemblyErrors (0ms)
				InitializePlatformSupportModulesInManaged (4ms)
				SetLoadedEditorAssemblies (0ms)
				RefreshPlugins (1ms)
				BeforeProcessingInitializeOnLoad (47ms)
				ProcessInitializeOnLoadAttributes (156ms)
				ProcessInitializeOnLoadMethodAttributes (25ms)
				AfterProcessingInitializeOnLoad (2ms)
				EditorAssembliesLoaded (0ms)
			ExecutionOrderSort2 (0ms)
			AwakeInstancesAfterBackupRestoration (5ms)
Platform modules already initialized, skipping
Refreshing native plugins compatible for Editor in 1.81 ms, found 4 plugins.
Preloading 0 native plugins for Editor in 0.00 ms.
Unloading 3932 Unused Serialized files (Serialized files now loaded: 0)
Unloading 23 unused Assets / (95.4 KB). Loaded Objects now: 4444.
Memory consumption went from 154.9 MB to 154.8 MB.
Total: 2.413200 ms (FindLiveObjects: 0.212400 ms CreateObjectMapping: 0.121000 ms MarkObjects: 2.050600 ms  DeleteObjects: 0.028700 ms)

AssetImportParameters requested are different than current active one (requested -> active):
  custom:video-decoder-ogg-theora: a1e56fd34408186e4bbccfd4996cb3dc -> 
  custom:container-muxer-webm: aa71ff27fc2769a1b78a27578f13a17b -> 
  custom:container-demuxer-webm: 4f35f7cbe854078d1ac9338744f61a02 -> 
  custom:video-encoder-webm-vp8: eb34c28f22e8b96e1ab97ce403110664 -> 
  custom:audio-encoder-webm-vorbis: bf7c407c2cedff20999df2af8eb42d56 -> 
  custom:framework-win-MediaFoundation: 216162199b28c13a410421893ffa2e32 -> 
  custom:container-demuxer-ogg: 62fdf1f143b41e24485cea50d1cbac27 -> 
  custom:video-decoder-webm-vp8: 9c59270c3fd7afecdb556c50c9e8de78 -> 
  custom:audio-decoder-ogg-vorbis: bf7c407c2cedff20999df2af8eb42d56 -> 
========================================================================
Received Import Request.
  Time since last request: 62.447098 seconds.
  path: Assets/Prefabs/Moneda .prefab
  artifactKey: Guid(20b6568340c97fb44954f81e55a937cf) Importer(815301076,1909f56bfc062723c751e8b465ee728b)
Start importing Assets/Prefabs/Moneda .prefab using Guid(20b6568340c97fb44954f81e55a937cf) Importer(815301076,1909f56bfc062723c751e8b465ee728b)  -> (artifact id: '7b010eb7777fa2562052f113249c3430') in 0.061215 seconds 
========================================================================
Received Import Request.
  Time since last request: 65.046868 seconds.
  path: Assets/Prefabs/Moneda .prefab
  artifactKey: Guid(20b6568340c97fb44954f81e55a937cf) Importer(815301076,1909f56bfc062723c751e8b465ee728b)
Start importing Assets/Prefabs/Moneda .prefab using Guid(20b6568340c97fb44954f81e55a937cf) Importer(815301076,1909f56bfc062723c751e8b465ee728b)  -> (artifact id: '0d888736199fa87517baf171205e0ade') in 0.006953 seconds 
========================================================================
Received Import Request.
  Time since last request: 8.330293 seconds.
  path: Assets/Prefabs/Moneda .prefab
  artifactKey: Guid(20b6568340c97fb44954f81e55a937cf) Importer(815301076,1909f56bfc062723c751e8b465ee728b)
Start importing Assets/Prefabs/Moneda .prefab using Guid(20b6568340c97fb44954f81e55a937cf) Importer(815301076,1909f56bfc062723c751e8b465ee728b)  -> (artifact id: '2e7383a5bad341458a5a7e3395399e3e') in 0.011618 seconds 
========================================================================
Received Import Request.
  Time since last request: 23.489766 seconds.
  path: Assets/Scenes/Nivel 01.unity
  artifactKey: Guid(2cda990e2423bbf4892e6590ba056729) Importer(815301076,1909f56bfc062723c751e8b465ee728b)
Start importing Assets/Scenes/Nivel 01.unity using Guid(2cda990e2423bbf4892e6590ba056729) Importer(815301076,1909f56bfc062723c751e8b465ee728b)  -> (artifact id: 'eaa46af336bedced09edbd2d2fc92f20') in 0.006691 seconds 
========================================================================
Received Import Request.
  Time since last request: 30.388772 seconds.
  path: Assets/Scenes/Nivel 03.unity
  artifactKey: Guid(a208d030217eff4479f1b4a63b481b78) Importer(815301076,1909f56bfc062723c751e8b465ee728b)
Start importing Assets/Scenes/Nivel 03.unity using Guid(a208d030217eff4479f1b4a63b481b78) Importer(815301076,1909f56bfc062723c751e8b465ee728b)  -> (artifact id: '77e0478eac59a36609e545237e603094') in 0.006209 seconds 
========================================================================
Received Import Request.
  Time since last request: 33.714316 seconds.
  path: Assets/Scenes/Nivel 04.unity
  artifactKey: Guid(25b9602cd92fe7344aa3ff093a264bb0) Importer(815301076,1909f56bfc062723c751e8b465ee728b)
Start importing Assets/Scenes/Nivel 04.unity using Guid(25b9602cd92fe7344aa3ff093a264bb0) Importer(815301076,1909f56bfc062723c751e8b465ee728b)  -> (artifact id: '821f0f81bb4fd3d00997a5f8b3fdfaf2') in 0.006953 seconds 
========================================================================
Received Import Request.
  Time since last request: 31.813580 seconds.
  path: Assets/Scenes/Nivel 05.unity
  artifactKey: Guid(85831ee311dd08641908c9c86ed2275d) Importer(815301076,1909f56bfc062723c751e8b465ee728b)
Start importing Assets/Scenes/Nivel 05.unity using Guid(85831ee311dd08641908c9c86ed2275d) Importer(815301076,1909f56bfc062723c751e8b465ee728b)  -> (artifact id: 'fda6573dc779b91c0bee8b15d54e8352') in 0.006548 seconds 
========================================================================
Received Import Request.
  Time since last request: 76.426649 seconds.
  path: Assets/Prefabs/Moneda .prefab
  artifactKey: Guid(20b6568340c97fb44954f81e55a937cf) Importer(815301076,1909f56bfc062723c751e8b465ee728b)
Start importing Assets/Prefabs/Moneda .prefab using Guid(20b6568340c97fb44954f81e55a937cf) Importer(815301076,1909f56bfc062723c751e8b465ee728b)  -> (artifact id: 'b07919972eaecbb9da46217bf1132eb0') in 0.006913 seconds 
========================================================================
Received Prepare
Registering precompiled user dll's ...
Registered in 0.005017 seconds.
Begin MonoManager ReloadAssembly
Symbol file LoadedFromMemory doesn't match image E:\repos\Manolo_02\proyecto\Library\PackageCache\com.unity.visualscripting@1.8.0\Editor\VisualScripting.Core\Dependencies\YamlDotNet\Unity.VisualScripting.YamlDotNet.dll
Symbol file LoadedFromMemory doesn't match image E:\repos\Manolo_02\proyecto\Library\PackageCache\com.unity.visualscripting@1.8.0\Editor\VisualScripting.Core\Dependencies\DotNetZip\Unity.VisualScripting.IonicZip.dll
Native extension for UWP target not found
Native extension for WindowsStandalone target not found
Native extension for WebGL target not found
Refreshing native plugins compatible for Editor in 0.78 ms, found 4 plugins.
Preloading 0 native plugins for Editor in 0.00 ms.
Mono: successfully reloaded assembly
- Completed reload, in  0.680 seconds
Domain Reload Profiling:
	ReloadAssembly (680ms)
		BeginReloadAssembly (112ms)
			ExecutionOrderSort (0ms)
			DisableScriptedObjects (5ms)
			BackupInstance (0ms)
			ReleaseScriptingObjects (0ms)
			CreateAndSetChildDomain (27ms)
		EndReloadAssembly (508ms)
			LoadAssemblies (85ms)
			RebuildTransferFunctionScriptingTraits (0ms)
			SetupTypeCache (150ms)
			ReleaseScriptCaches (1ms)
			RebuildScriptCaches (31ms)
			SetupLoadedEditorAssemblies (235ms)
				LogAssemblyErrors (0ms)
				InitializePlatformSupportModulesInManaged (4ms)
				SetLoadedEditorAssemblies (0ms)
				RefreshPlugins (1ms)
				BeforeProcessingInitializeOnLoad (47ms)
				ProcessInitializeOnLoadAttributes (156ms)
				ProcessInitializeOnLoadMethodAttributes (24ms)
				AfterProcessingInitializeOnLoad (2ms)
				EditorAssembliesLoaded (0ms)
			ExecutionOrderSort2 (0ms)
			AwakeInstancesAfterBackupRestoration (4ms)
Platform modules already initialized, skipping
Refreshing native plugins compatible for Editor in 1.75 ms, found 4 plugins.
Preloading 0 native plugins for Editor in 0.00 ms.
Unloading 3932 Unused Serialized files (Serialized files now loaded: 0)
Unloading 23 unused Assets / (95.3 KB). Loaded Objects now: 4464.
Memory consumption went from 155.0 MB to 154.9 MB.
Total: 2.582300 ms (FindLiveObjects: 0.226200 ms CreateObjectMapping: 0.139300 ms MarkObjects: 2.187400 ms  DeleteObjects: 0.028800 ms)

AssetImportParameters requested are different than current active one (requested -> active):
  custom:video-decoder-ogg-theora: a1e56fd34408186e4bbccfd4996cb3dc -> 
  custom:container-muxer-webm: aa71ff27fc2769a1b78a27578f13a17b -> 
  custom:container-demuxer-webm: 4f35f7cbe854078d1ac9338744f61a02 -> 
  custom:video-encoder-webm-vp8: eb34c28f22e8b96e1ab97ce403110664 -> 
  custom:audio-encoder-webm-vorbis: bf7c407c2cedff20999df2af8eb42d56 -> 
  custom:framework-win-MediaFoundation: 216162199b28c13a410421893ffa2e32 -> 
  custom:container-demuxer-ogg: 62fdf1f143b41e24485cea50d1cbac27 -> 
  custom:video-decoder-webm-vp8: 9c59270c3fd7afecdb556c50c9e8de78 -> 
  custom:audio-decoder-ogg-vorbis: bf7c407c2cedff20999df2af8eb42d56 -> 
========================================================================
Received Prepare
Registering precompiled user dll's ...
Registered in 0.004981 seconds.
Begin MonoManager ReloadAssembly
Symbol file LoadedFromMemory doesn't match image E:\repos\Manolo_02\proyecto\Library\PackageCache\com.unity.visualscripting@1.8.0\Editor\VisualScripting.Core\Dependencies\YamlDotNet\Unity.VisualScripting.YamlDotNet.dll
Symbol file LoadedFromMemory doesn't match image E:\repos\Manolo_02\proyecto\Library\PackageCache\com.unity.visualscripting@1.8.0\Editor\VisualScripting.Core\Dependencies\DotNetZip\Unity.VisualScripting.IonicZip.dll
Native extension for UWP target not found
Native extension for WindowsStandalone target not found
Native extension for WebGL target not found
Refreshing native plugins compatible for Editor in 0.79 ms, found 4 plugins.
Preloading 0 native plugins for Editor in 0.00 ms.
Mono: successfully reloaded assembly
- Completed reload, in  0.672 seconds
Domain Reload Profiling:
	ReloadAssembly (673ms)
		BeginReloadAssembly (114ms)
			ExecutionOrderSort (0ms)
			DisableScriptedObjects (5ms)
			BackupInstance (0ms)
			ReleaseScriptingObjects (0ms)
			CreateAndSetChildDomain (29ms)
		EndReloadAssembly (498ms)
			LoadAssemblies (82ms)
			RebuildTransferFunctionScriptingTraits (0ms)
			SetupTypeCache (142ms)
			ReleaseScriptCaches (1ms)
			RebuildScriptCaches (29ms)
			SetupLoadedEditorAssemblies (237ms)
				LogAssemblyErrors (0ms)
				InitializePlatformSupportModulesInManaged (4ms)
				SetLoadedEditorAssemblies (0ms)
				RefreshPlugins (1ms)
				BeforeProcessingInitializeOnLoad (46ms)
				ProcessInitializeOnLoadAttributes (159ms)
				ProcessInitializeOnLoadMethodAttributes (24ms)
				AfterProcessingInitializeOnLoad (2ms)
				EditorAssembliesLoaded (0ms)
			ExecutionOrderSort2 (0ms)
			AwakeInstancesAfterBackupRestoration (5ms)
Platform modules already initialized, skipping
Refreshing native plugins compatible for Editor in 1.90 ms, found 4 plugins.
Preloading 0 native plugins for Editor in 0.00 ms.
Unloading 3933 Unused Serialized files (Serialized files now loaded: 0)
Unloading 23 unused Assets / (95.4 KB). Loaded Objects now: 4480.
Memory consumption went from 155.0 MB to 154.9 MB.
Total: 2.591200 ms (FindLiveObjects: 0.227500 ms CreateObjectMapping: 0.132500 ms MarkObjects: 2.203600 ms  DeleteObjects: 0.027000 ms)

AssetImportParameters requested are different than current active one (requested -> active):
  custom:video-decoder-ogg-theora: a1e56fd34408186e4bbccfd4996cb3dc -> 
  custom:container-muxer-webm: aa71ff27fc2769a1b78a27578f13a17b -> 
  custom:container-demuxer-webm: 4f35f7cbe854078d1ac9338744f61a02 -> 
  custom:video-encoder-webm-vp8: eb34c28f22e8b96e1ab97ce403110664 -> 
  custom:audio-encoder-webm-vorbis: bf7c407c2cedff20999df2af8eb42d56 -> 
  custom:framework-win-MediaFoundation: 216162199b28c13a410421893ffa2e32 -> 
  custom:container-demuxer-ogg: 62fdf1f143b41e24485cea50d1cbac27 -> 
  custom:video-decoder-webm-vp8: 9c59270c3fd7afecdb556c50c9e8de78 -> 
  custom:audio-decoder-ogg-vorbis: bf7c407c2cedff20999df2af8eb42d56 -> 
========================================================================
Received Prepare
Registering precompiled user dll's ...
Registered in 0.004996 seconds.
Begin MonoManager ReloadAssembly
Symbol file LoadedFromMemory doesn't match image E:\repos\Manolo_02\proyecto\Library\PackageCache\com.unity.visualscripting@1.8.0\Editor\VisualScripting.Core\Dependencies\YamlDotNet\Unity.VisualScripting.YamlDotNet.dll
Symbol file LoadedFromMemory doesn't match image E:\repos\Manolo_02\proyecto\Library\PackageCache\com.unity.visualscripting@1.8.0\Editor\VisualScripting.Core\Dependencies\DotNetZip\Unity.VisualScripting.IonicZip.dll
Native extension for UWP target not found
Native extension for WindowsStandalone target not found
Native extension for WebGL target not found
Refreshing native plugins compatible for Editor in 0.80 ms, found 4 plugins.
Preloading 0 native plugins for Editor in 0.00 ms.
Mono: successfully reloaded assembly
- Completed reload, in  0.658 seconds
Domain Reload Profiling:
	ReloadAssembly (660ms)
		BeginReloadAssembly (108ms)
			ExecutionOrderSort (0ms)
			DisableScriptedObjects (5ms)
			BackupInstance (0ms)
			ReleaseScriptingObjects (0ms)
			CreateAndSetChildDomain (25ms)
		EndReloadAssembly (491ms)
			LoadAssemblies (82ms)
			RebuildTransferFunctionScriptingTraits (0ms)
			SetupTypeCache (140ms)
			ReleaseScriptCaches (1ms)
			RebuildScriptCaches (29ms)
			SetupLoadedEditorAssemblies (231ms)
				LogAssemblyErrors (0ms)
				InitializePlatformSupportModulesInManaged (4ms)
				SetLoadedEditorAssemblies (0ms)
				RefreshPlugins (1ms)
				BeforeProcessingInitializeOnLoad (46ms)
				ProcessInitializeOnLoadAttributes (153ms)
				ProcessInitializeOnLoadMethodAttributes (24ms)
				AfterProcessingInitializeOnLoad (2ms)
				EditorAssembliesLoaded (0ms)
			ExecutionOrderSort2 (0ms)
			AwakeInstancesAfterBackupRestoration (5ms)
Platform modules already initialized, skipping
Refreshing native plugins compatible for Editor in 1.88 ms, found 4 plugins.
Preloading 0 native plugins for Editor in 0.00 ms.
Unloading 3933 Unused Serialized files (Serialized files now loaded: 0)
Unloading 23 unused Assets / (95.4 KB). Loaded Objects now: 4495.
Memory consumption went from 155.1 MB to 155.0 MB.
Total: 2.575300 ms (FindLiveObjects: 0.220700 ms CreateObjectMapping: 0.146200 ms MarkObjects: 2.180200 ms  DeleteObjects: 0.027700 ms)

AssetImportParameters requested are different than current active one (requested -> active):
  custom:video-decoder-ogg-theora: a1e56fd34408186e4bbccfd4996cb3dc -> 
  custom:container-muxer-webm: aa71ff27fc2769a1b78a27578f13a17b -> 
  custom:container-demuxer-webm: 4f35f7cbe854078d1ac9338744f61a02 -> 
  custom:video-encoder-webm-vp8: eb34c28f22e8b96e1ab97ce403110664 -> 
  custom:audio-encoder-webm-vorbis: bf7c407c2cedff20999df2af8eb42d56 -> 
  custom:framework-win-MediaFoundation: 216162199b28c13a410421893ffa2e32 -> 
  custom:container-demuxer-ogg: 62fdf1f143b41e24485cea50d1cbac27 -> 
  custom:video-decoder-webm-vp8: 9c59270c3fd7afecdb556c50c9e8de78 -> 
  custom:audio-decoder-ogg-vorbis: bf7c407c2cedff20999df2af8eb42d56 -> 
========================================================================
Received Prepare
Registering precompiled user dll's ...
Registered in 0.005327 seconds.
Begin MonoManager ReloadAssembly
Symbol file LoadedFromMemory doesn't match image E:\repos\Manolo_02\proyecto\Library\PackageCache\com.unity.visualscripting@1.8.0\Editor\VisualScripting.Core\Dependencies\YamlDotNet\Unity.VisualScripting.YamlDotNet.dll
Symbol file LoadedFromMemory doesn't match image E:\repos\Manolo_02\proyecto\Library\PackageCache\com.unity.visualscripting@1.8.0\Editor\VisualScripting.Core\Dependencies\DotNetZip\Unity.VisualScripting.IonicZip.dll
Native extension for UWP target not found
Native extension for WindowsStandalone target not found
Native extension for WebGL target not found
Refreshing native plugins compatible for Editor in 0.88 ms, found 4 plugins.
Preloading 0 native plugins for Editor in 0.00 ms.
Mono: successfully reloaded assembly
- Completed reload, in  0.690 seconds
Domain Reload Profiling:
	ReloadAssembly (691ms)
		BeginReloadAssembly (113ms)
			ExecutionOrderSort (0ms)
			DisableScriptedObjects (5ms)
			BackupInstance (0ms)
			ReleaseScriptingObjects (0ms)
			CreateAndSetChildDomain (26ms)
		EndReloadAssembly (512ms)
			LoadAssemblies (85ms)
			RebuildTransferFunctionScriptingTraits (0ms)
			SetupTypeCache (152ms)
			ReleaseScriptCaches (1ms)
			RebuildScriptCaches (34ms)
			SetupLoadedEditorAssemblies (233ms)
				LogAssemblyErrors (0ms)
				InitializePlatformSupportModulesInManaged (4ms)
				SetLoadedEditorAssemblies (0ms)
				RefreshPlugins (1ms)
				BeforeProcessingInitializeOnLoad (48ms)
				ProcessInitializeOnLoadAttributes (153ms)
				ProcessInitializeOnLoadMethodAttributes (23ms)
				AfterProcessingInitializeOnLoad (2ms)
				EditorAssembliesLoaded (0ms)
			ExecutionOrderSort2 (0ms)
			AwakeInstancesAfterBackupRestoration (5ms)
Platform modules already initialized, skipping
Refreshing native plugins compatible for Editor in 1.77 ms, found 4 plugins.
Preloading 0 native plugins for Editor in 0.00 ms.
Unloading 3933 Unused Serialized files (Serialized files now loaded: 0)
Unloading 23 unused Assets / (95.4 KB). Loaded Objects now: 4510.
Memory consumption went from 155.1 MB to 155.0 MB.
Total: 2.658800 ms (FindLiveObjects: 0.220600 ms CreateObjectMapping: 0.125000 ms MarkObjects: 2.284600 ms  DeleteObjects: 0.027800 ms)

AssetImportParameters requested are different than current active one (requested -> active):
  custom:video-decoder-ogg-theora: a1e56fd34408186e4bbccfd4996cb3dc -> 
  custom:container-muxer-webm: aa71ff27fc2769a1b78a27578f13a17b -> 
  custom:container-demuxer-webm: 4f35f7cbe854078d1ac9338744f61a02 -> 
  custom:video-encoder-webm-vp8: eb34c28f22e8b96e1ab97ce403110664 -> 
  custom:audio-encoder-webm-vorbis: bf7c407c2cedff20999df2af8eb42d56 -> 
  custom:framework-win-MediaFoundation: 216162199b28c13a410421893ffa2e32 -> 
  custom:container-demuxer-ogg: 62fdf1f143b41e24485cea50d1cbac27 -> 
  custom:video-decoder-webm-vp8: 9c59270c3fd7afecdb556c50c9e8de78 -> 
  custom:audio-decoder-ogg-vorbis: bf7c407c2cedff20999df2af8eb42d56 -> 
========================================================================
Received Import Request.
  Time since last request: 1779.109402 seconds.
  path: Assets/combateCaC.cs
  artifactKey: Guid(39b53f3b0b8bbff4da7e473dce5e0201) Importer(815301076,1909f56bfc062723c751e8b465ee728b)
Start importing Assets/combateCaC.cs using Guid(39b53f3b0b8bbff4da7e473dce5e0201) Importer(815301076,1909f56bfc062723c751e8b465ee728b)  -> (artifact id: '6cb6d9326d43779bf20c2d240f0487c2') in 0.016061 seconds 
========================================================================
Received Prepare
Registering precompiled user dll's ...
Registered in 0.005017 seconds.
Begin MonoManager ReloadAssembly
Symbol file LoadedFromMemory doesn't match image E:\repos\Manolo_02\proyecto\Library\PackageCache\com.unity.visualscripting@1.8.0\Editor\VisualScripting.Core\Dependencies\YamlDotNet\Unity.VisualScripting.YamlDotNet.dll
Symbol file LoadedFromMemory doesn't match image E:\repos\Manolo_02\proyecto\Library\PackageCache\com.unity.visualscripting@1.8.0\Editor\VisualScripting.Core\Dependencies\DotNetZip\Unity.VisualScripting.IonicZip.dll
Native extension for UWP target not found
Native extension for WindowsStandalone target not found
Native extension for WebGL target not found
Refreshing native plugins compatible for Editor in 0.77 ms, found 4 plugins.
Preloading 0 native plugins for Editor in 0.00 ms.
Mono: successfully reloaded assembly
- Completed reload, in  0.693 seconds
Domain Reload Profiling:
	ReloadAssembly (694ms)
		BeginReloadAssembly (117ms)
			ExecutionOrderSort (0ms)
			DisableScriptedObjects (5ms)
			BackupInstance (0ms)
			ReleaseScriptingObjects (0ms)
			CreateAndSetChildDomain (27ms)
		EndReloadAssembly (510ms)
			LoadAssemblies (88ms)
			RebuildTransferFunctionScriptingTraits (0ms)
			SetupTypeCache (159ms)
			ReleaseScriptCaches (1ms)
			RebuildScriptCaches (33ms)
			SetupLoadedEditorAssemblies (225ms)
				LogAssemblyErrors (0ms)
				InitializePlatformSupportModulesInManaged (4ms)
				SetLoadedEditorAssemblies (0ms)
				RefreshPlugins (1ms)
				BeforeProcessingInitializeOnLoad (45ms)
				ProcessInitializeOnLoadAttributes (149ms)
				ProcessInitializeOnLoadMethodAttributes (23ms)
				AfterProcessingInitializeOnLoad (2ms)
				EditorAssembliesLoaded (0ms)
			ExecutionOrderSort2 (0ms)
			AwakeInstancesAfterBackupRestoration (5ms)
Platform modules already initialized, skipping
Refreshing native plugins compatible for Editor in 1.76 ms, found 4 plugins.
Preloading 0 native plugins for Editor in 0.00 ms.
Unloading 3932 Unused Serialized files (Serialized files now loaded: 0)
Unloading 24 unused Assets / (95.4 KB). Loaded Objects now: 4524.
Memory consumption went from 155.1 MB to 155.0 MB.
Total: 2.542300 ms (FindLiveObjects: 0.218300 ms CreateObjectMapping: 0.126000 ms MarkObjects: 2.169500 ms  DeleteObjects: 0.027900 ms)

AssetImportParameters requested are different than current active one (requested -> active):
  custom:video-decoder-ogg-theora: a1e56fd34408186e4bbccfd4996cb3dc -> 
  custom:container-muxer-webm: aa71ff27fc2769a1b78a27578f13a17b -> 
  custom:container-demuxer-webm: 4f35f7cbe854078d1ac9338744f61a02 -> 
  custom:video-encoder-webm-vp8: eb34c28f22e8b96e1ab97ce403110664 -> 
  custom:audio-encoder-webm-vorbis: bf7c407c2cedff20999df2af8eb42d56 -> 
  custom:framework-win-MediaFoundation: 216162199b28c13a410421893ffa2e32 -> 
  custom:container-demuxer-ogg: 62fdf1f143b41e24485cea50d1cbac27 -> 
  custom:video-decoder-webm-vp8: 9c59270c3fd7afecdb556c50c9e8de78 -> 
  custom:audio-decoder-ogg-vorbis: bf7c407c2cedff20999df2af8eb42d56 -> 
========================================================================
Received Prepare
Registering precompiled user dll's ...
Registered in 0.005027 seconds.
Begin MonoManager ReloadAssembly
Symbol file LoadedFromMemory doesn't match image E:\repos\Manolo_02\proyecto\Library\PackageCache\com.unity.visualscripting@1.8.0\Editor\VisualScripting.Core\Dependencies\YamlDotNet\Unity.VisualScripting.YamlDotNet.dll
Symbol file LoadedFromMemory doesn't match image E:\repos\Manolo_02\proyecto\Library\PackageCache\com.unity.visualscripting@1.8.0\Editor\VisualScripting.Core\Dependencies\DotNetZip\Unity.VisualScripting.IonicZip.dll
Native extension for UWP target not found
Native extension for WindowsStandalone target not found
Native extension for WebGL target not found
Refreshing native plugins compatible for Editor in 0.77 ms, found 4 plugins.
Preloading 0 native plugins for Editor in 0.00 ms.
Mono: successfully reloaded assembly
- Completed reload, in  0.663 seconds
Domain Reload Profiling:
	ReloadAssembly (663ms)
		BeginReloadAssembly (112ms)
			ExecutionOrderSort (0ms)
			DisableScriptedObjects (5ms)
			BackupInstance (0ms)
			ReleaseScriptingObjects (0ms)
			CreateAndSetChildDomain (26ms)
		EndReloadAssembly (490ms)
			LoadAssemblies (83ms)
			RebuildTransferFunctionScriptingTraits (0ms)
			SetupTypeCache (145ms)
			ReleaseScriptCaches (1ms)
			RebuildScriptCaches (30ms)
			SetupLoadedEditorAssemblies (225ms)
				LogAssemblyErrors (0ms)
				InitializePlatformSupportModulesInManaged (4ms)
				SetLoadedEditorAssemblies (0ms)
				RefreshPlugins (1ms)
				BeforeProcessingInitializeOnLoad (45ms)
				ProcessInitializeOnLoadAttributes (149ms)
				ProcessInitializeOnLoadMethodAttributes (23ms)
				AfterProcessingInitializeOnLoad (2ms)
				EditorAssembliesLoaded (0ms)
			ExecutionOrderSort2 (0ms)
			AwakeInstancesAfterBackupRestoration (5ms)
Platform modules already initialized, skipping
Refreshing native plugins compatible for Editor in 1.70 ms, found 4 plugins.
Preloading 0 native plugins for Editor in 0.00 ms.
Unloading 3933 Unused Serialized files (Serialized files now loaded: 0)
Unloading 23 unused Assets / (95.4 KB). Loaded Objects now: 4540.
Memory consumption went from 155.1 MB to 155.0 MB.
Total: 2.670300 ms (FindLiveObjects: 0.223300 ms CreateObjectMapping: 0.136700 ms MarkObjects: 2.276500 ms  DeleteObjects: 0.032900 ms)

AssetImportParameters requested are different than current active one (requested -> active):
  custom:video-decoder-ogg-theora: a1e56fd34408186e4bbccfd4996cb3dc -> 
  custom:container-muxer-webm: aa71ff27fc2769a1b78a27578f13a17b -> 
  custom:container-demuxer-webm: 4f35f7cbe854078d1ac9338744f61a02 -> 
  custom:video-encoder-webm-vp8: eb34c28f22e8b96e1ab97ce403110664 -> 
  custom:audio-encoder-webm-vorbis: bf7c407c2cedff20999df2af8eb42d56 -> 
  custom:framework-win-MediaFoundation: 216162199b28c13a410421893ffa2e32 -> 
  custom:container-demuxer-ogg: 62fdf1f143b41e24485cea50d1cbac27 -> 
  custom:video-decoder-webm-vp8: 9c59270c3fd7afecdb556c50c9e8de78 -> 
  custom:audio-decoder-ogg-vorbis: bf7c407c2cedff20999df2af8eb42d56 -> 
========================================================================
Received Prepare
Registering precompiled user dll's ...
Registered in 0.004960 seconds.
Begin MonoManager ReloadAssembly
Symbol file LoadedFromMemory doesn't match image E:\repos\Manolo_02\proyecto\Library\PackageCache\com.unity.visualscripting@1.8.0\Editor\VisualScripting.Core\Dependencies\YamlDotNet\Unity.VisualScripting.YamlDotNet.dll
Symbol file LoadedFromMemory doesn't match image E:\repos\Manolo_02\proyecto\Library\PackageCache\com.unity.visualscripting@1.8.0\Editor\VisualScripting.Core\Dependencies\DotNetZip\Unity.VisualScripting.IonicZip.dll
Native extension for UWP target not found
Native extension for WindowsStandalone target not found
Native extension for WebGL target not found
Refreshing native plugins compatible for Editor in 0.77 ms, found 4 plugins.
Preloading 0 native plugins for Editor in 0.00 ms.
Mono: successfully reloaded assembly
- Completed reload, in  0.663 seconds
Domain Reload Profiling:
	ReloadAssembly (664ms)
		BeginReloadAssembly (116ms)
			ExecutionOrderSort (0ms)
			DisableScriptedObjects (5ms)
			BackupInstance (0ms)
			ReleaseScriptingObjects (0ms)
			CreateAndSetChildDomain (26ms)
		EndReloadAssembly (485ms)
			LoadAssemblies (87ms)
			RebuildTransferFunctionScriptingTraits (0ms)
			SetupTypeCache (142ms)
			ReleaseScriptCaches (1ms)
			RebuildScriptCaches (30ms)
			SetupLoadedEditorAssemblies (225ms)
				LogAssemblyErrors (0ms)
				InitializePlatformSupportModulesInManaged (4ms)
				SetLoadedEditorAssemblies (0ms)
				RefreshPlugins (1ms)
				BeforeProcessingInitializeOnLoad (46ms)
				ProcessInitializeOnLoadAttributes (149ms)
				ProcessInitializeOnLoadMethodAttributes (23ms)
				AfterProcessingInitializeOnLoad (2ms)
				EditorAssembliesLoaded (0ms)
			ExecutionOrderSort2 (0ms)
			AwakeInstancesAfterBackupRestoration (4ms)
Platform modules already initialized, skipping
Refreshing native plugins compatible for Editor in 1.71 ms, found 4 plugins.
Preloading 0 native plugins for Editor in 0.00 ms.
Unloading 3933 Unused Serialized files (Serialized files now loaded: 0)
Unloading 23 unused Assets / (95.4 KB). Loaded Objects now: 4555.
Memory consumption went from 155.1 MB to 155.0 MB.
Total: 2.597900 ms (FindLiveObjects: 0.231800 ms CreateObjectMapping: 0.134000 ms MarkObjects: 2.203400 ms  DeleteObjects: 0.028100 ms)

AssetImportParameters requested are different than current active one (requested -> active):
  custom:video-decoder-ogg-theora: a1e56fd34408186e4bbccfd4996cb3dc -> 
  custom:container-muxer-webm: aa71ff27fc2769a1b78a27578f13a17b -> 
  custom:container-demuxer-webm: 4f35f7cbe854078d1ac9338744f61a02 -> 
  custom:video-encoder-webm-vp8: eb34c28f22e8b96e1ab97ce403110664 -> 
  custom:audio-encoder-webm-vorbis: bf7c407c2cedff20999df2af8eb42d56 -> 
  custom:framework-win-MediaFoundation: 216162199b28c13a410421893ffa2e32 -> 
  custom:container-demuxer-ogg: 62fdf1f143b41e24485cea50d1cbac27 -> 
  custom:video-decoder-webm-vp8: 9c59270c3fd7afecdb556c50c9e8de78 -> 
  custom:audio-decoder-ogg-vorbis: bf7c407c2cedff20999df2af8eb42d56 -> 
========================================================================
Received Import Request.
  Time since last request: 304.285362 seconds.
  path: Assets/Prefabs/Enemigo (6).prefab
  artifactKey: Guid(22f63975f0c6d794caeab661e5a9be03) Importer(815301076,1909f56bfc062723c751e8b465ee728b)
Start importing Assets/Prefabs/Enemigo (6).prefab using Guid(22f63975f0c6d794caeab661e5a9be03) Importer(815301076,1909f56bfc062723c751e8b465ee728b)  -> (artifact id: '2ad9e1d6017877c79a574ee1454996ea') in 0.126367 seconds 
========================================================================
Received Import Request.
  Time since last request: 319.330126 seconds.
  path: Assets/script/Enemigo.cs
  artifactKey: Guid(125218ae132648e428d406e9c38560bd) Importer(815301076,1909f56bfc062723c751e8b465ee728b)
Start importing Assets/script/Enemigo.cs using Guid(125218ae132648e428d406e9c38560bd) Importer(815301076,1909f56bfc062723c751e8b465ee728b)  -> (artifact id: '938f3069d6986f6641ef7e7e5c83c315') in 0.007115 seconds 
========================================================================
Received Prepare
Registering precompiled user dll's ...
Registered in 0.005036 seconds.
Begin MonoManager ReloadAssembly
Symbol file LoadedFromMemory doesn't match image E:\repos\Manolo_02\proyecto\Library\PackageCache\com.unity.visualscripting@1.8.0\Editor\VisualScripting.Core\Dependencies\YamlDotNet\Unity.VisualScripting.YamlDotNet.dll
Symbol file LoadedFromMemory doesn't match image E:\repos\Manolo_02\proyecto\Library\PackageCache\com.unity.visualscripting@1.8.0\Editor\VisualScripting.Core\Dependencies\DotNetZip\Unity.VisualScripting.IonicZip.dll
Native extension for UWP target not found
Native extension for WindowsStandalone target not found
Native extension for WebGL target not found
Refreshing native plugins compatible for Editor in 0.89 ms, found 4 plugins.
Preloading 0 native plugins for Editor in 0.00 ms.
Mono: successfully reloaded assembly
- Completed reload, in  0.699 seconds
Domain Reload Profiling:
	ReloadAssembly (700ms)
		BeginReloadAssembly (113ms)
			ExecutionOrderSort (0ms)
			DisableScriptedObjects (5ms)
			BackupInstance (0ms)
			ReleaseScriptingObjects (0ms)
			CreateAndSetChildDomain (28ms)
		EndReloadAssembly (522ms)
			LoadAssemblies (84ms)
			RebuildTransferFunctionScriptingTraits (0ms)
			SetupTypeCache (159ms)
			ReleaseScriptCaches (1ms)
			RebuildScriptCaches (32ms)
			SetupLoadedEditorAssemblies (238ms)
				LogAssemblyErrors (0ms)
				InitializePlatformSupportModulesInManaged (5ms)
				SetLoadedEditorAssemblies (0ms)
				RefreshPlugins (1ms)
				BeforeProcessingInitializeOnLoad (49ms)
				ProcessInitializeOnLoadAttributes (157ms)
				ProcessInitializeOnLoadMethodAttributes (23ms)
				AfterProcessingInitializeOnLoad (2ms)
				EditorAssembliesLoaded (0ms)
			ExecutionOrderSort2 (0ms)
			AwakeInstancesAfterBackupRestoration (5ms)
Platform modules already initialized, skipping
Refreshing native plugins compatible for Editor in 1.77 ms, found 4 plugins.
Preloading 0 native plugins for Editor in 0.00 ms.
Unloading 3934 Unused Serialized files (Serialized files now loaded: 0)
Unloading 23 unused Assets / (95.3 KB). Loaded Objects now: 4571.
Memory consumption went from 155.2 MB to 155.1 MB.
Total: 2.716700 ms (FindLiveObjects: 0.226700 ms CreateObjectMapping: 0.128300 ms MarkObjects: 2.333800 ms  DeleteObjects: 0.027200 ms)

AssetImportParameters requested are different than current active one (requested -> active):
  custom:video-decoder-ogg-theora: a1e56fd34408186e4bbccfd4996cb3dc -> 
  custom:container-muxer-webm: aa71ff27fc2769a1b78a27578f13a17b -> 
  custom:container-demuxer-webm: 4f35f7cbe854078d1ac9338744f61a02 -> 
  custom:video-encoder-webm-vp8: eb34c28f22e8b96e1ab97ce403110664 -> 
  custom:audio-encoder-webm-vorbis: bf7c407c2cedff20999df2af8eb42d56 -> 
  custom:framework-win-MediaFoundation: 216162199b28c13a410421893ffa2e32 -> 
  custom:container-demuxer-ogg: 62fdf1f143b41e24485cea50d1cbac27 -> 
  custom:video-decoder-webm-vp8: 9c59270c3fd7afecdb556c50c9e8de78 -> 
  custom:audio-decoder-ogg-vorbis: bf7c407c2cedff20999df2af8eb42d56 -> 
========================================================================
Received Import Request.
  Time since last request: 456.519475 seconds.
  path: Assets/Sprites/sprite prota
  artifactKey: Guid(615c422c1df4ca44b84b916f7d351d7a) Importer(815301076,1909f56bfc062723c751e8b465ee728b)
Start importing Assets/Sprites/sprite prota using Guid(615c422c1df4ca44b84b916f7d351d7a) Importer(815301076,1909f56bfc062723c751e8b465ee728b)  -> (artifact id: '6f0883a3ca3ca63acf91f4a352cf42bd') in 0.012120 seconds 
========================================================================
Received Import Request.
  Time since last request: 0.014786 seconds.
  path: Assets/Sprites/sprite prota/black cat map.png
  artifactKey: Guid(90f371c7ea200764896ebfcce39d1596) Importer(815301076,1909f56bfc062723c751e8b465ee728b)
Start importing Assets/Sprites/sprite prota/black cat map.png using Guid(90f371c7ea200764896ebfcce39d1596) Importer(815301076,1909f56bfc062723c751e8b465ee728b)  -> (artifact id: '254dee2321895b308fbf9e6729caffdb') in 0.110832 seconds 
========================================================================
Received Import Request.
  Time since last request: 0.000018 seconds.
  path: Assets/Sprites/sprite prota/michisalto.png
  artifactKey: Guid(fbbb2ea63bd48c245833eb3dd2d63565) Importer(815301076,1909f56bfc062723c751e8b465ee728b)
Start importing Assets/Sprites/sprite prota/michisalto.png using Guid(fbbb2ea63bd48c245833eb3dd2d63565) Importer(815301076,1909f56bfc062723c751e8b465ee728b)  -> (artifact id: 'f31cb988e1c6ceab9b602a0da85bc60f') in 0.037955 seconds 
========================================================================
Received Import Request.
  Time since last request: 0.000015 seconds.
  path: Assets/Sprites/sprite prota/Gurrimin.png
  artifactKey: Guid(7915eeeb58755cb47b1b78d34e483c3c) Importer(815301076,1909f56bfc062723c751e8b465ee728b)
Start importing Assets/Sprites/sprite prota/Gurrimin.png using Guid(7915eeeb58755cb47b1b78d34e483c3c) Importer(815301076,1909f56bfc062723c751e8b465ee728b)  -> (artifact id: '740a58028d7e15178843a9543f88a03c') in 0.020282 seconds 
========================================================================
Received Import Request.
  Time since last request: 0.000018 seconds.
  path: Assets/Sprites/sprite prota/michiidle.png
  artifactKey: Guid(78be1051021254248a5494140a8bf06a) Importer(815301076,1909f56bfc062723c751e8b465ee728b)
Start importing Assets/Sprites/sprite prota/michiidle.png using Guid(78be1051021254248a5494140a8bf06a) Importer(815301076,1909f56bfc062723c751e8b465ee728b)  -> (artifact id: 'ba2ba2f7cd92fa417b08fed3d1ac48d3') in 0.019283 seconds 
========================================================================
Received Import Request.
  Time since last request: 0.000021 seconds.
  path: Assets/Sprites/sprite prota/michicaminar.png
  artifactKey: Guid(a8212efd4b0a1794bbcdc015d3a70bcb) Importer(815301076,1909f56bfc062723c751e8b465ee728b)
Start importing Assets/Sprites/sprite prota/michicaminar.png using Guid(a8212efd4b0a1794bbcdc015d3a70bcb) Importer(815301076,1909f56bfc062723c751e8b465ee728b)  -> (artifact id: '46e84e7b448e5e7c41b324a64bd42f7b') in 0.026453 seconds 
========================================================================
Received Import Request.
  Time since last request: 83.865337 seconds.
  path: Assets/Sprites/sprite prota/black cat map 1.png
  artifactKey: Guid(4b3656b30b637d846a0ed56c1bdbe258) Importer(815301076,1909f56bfc062723c751e8b465ee728b)
Start importing Assets/Sprites/sprite prota/black cat map 1.png using Guid(4b3656b30b637d846a0ed56c1bdbe258) Importer(815301076,1909f56bfc062723c751e8b465ee728b)  -> (artifact id: 'adeb95679a4227332ddcf3a0508b002e') in 0.266551 seconds 
========================================================================
Received Import Request.
  Time since last request: 17.867798 seconds.
  path: Assets/Sprites/sprite prota/michiataque.png
  artifactKey: Guid(4b3656b30b637d846a0ed56c1bdbe258) Importer(815301076,1909f56bfc062723c751e8b465ee728b)
Start importing Assets/Sprites/sprite prota/michiataque.png using Guid(4b3656b30b637d846a0ed56c1bdbe258) Importer(815301076,1909f56bfc062723c751e8b465ee728b)  -> (artifact id: '3be09624f3cfdf528974fdfc0255eb40') in 0.073959 seconds 
========================================================================
Received Import Request.
  Time since last request: 249.874940 seconds.
  path: Assets/Sprites/sprite prota/michiataque.png
  artifactKey: Guid(4b3656b30b637d846a0ed56c1bdbe258) Importer(815301076,1909f56bfc062723c751e8b465ee728b)
Start importing Assets/Sprites/sprite prota/michiataque.png using Guid(4b3656b30b637d846a0ed56c1bdbe258) Importer(815301076,1909f56bfc062723c751e8b465ee728b)  -> (artifact id: '7af63bddc8dea202906009b6f253394c') in 0.029289 seconds 
========================================================================
Received Import Request.
  Time since last request: 506.986223 seconds.
  path: Assets/Sprites/2204_w017_n001_449b_p15_449.jpg
  artifactKey: Guid(6e55005a302b67f4292ddf7179fea933) Importer(815301076,1909f56bfc062723c751e8b465ee728b)
Start importing Assets/Sprites/2204_w017_n001_449b_p15_449.jpg using Guid(6e55005a302b67f4292ddf7179fea933) Importer(815301076,1909f56bfc062723c751e8b465ee728b)  -> (artifact id: '1a0c783ec348cd81e5cff1b9a57e44f2') in 0.099293 seconds 
========================================================================
Received Import Request.
  Time since last request: 33.544342 seconds.
  path: Assets/Sprites/Enemies/2204_w017_n001_449b_p15_449.jpg
  artifactKey: Guid(6e55005a302b67f4292ddf7179fea933) Importer(815301076,1909f56bfc062723c751e8b465ee728b)
Start importing Assets/Sprites/Enemies/2204_w017_n001_449b_p15_449.jpg using Guid(6e55005a302b67f4292ddf7179fea933) Importer(815301076,1909f56bfc062723c751e8b465ee728b)  -> (artifact id: '18e548fdd0aa90a75a3acb719f7226f3') in 0.075925 seconds 
========================================================================
Received Import Request.
  Time since last request: 28.425111 seconds.
  path: Assets/Sprites/Enemies/2204_w017_n001_449b_p15_449.jpg
  artifactKey: Guid(6e55005a302b67f4292ddf7179fea933) Importer(815301076,1909f56bfc062723c751e8b465ee728b)
Start importing Assets/Sprites/Enemies/2204_w017_n001_449b_p15_449.jpg using Guid(6e55005a302b67f4292ddf7179fea933) Importer(815301076,1909f56bfc062723c751e8b465ee728b)  -> (artifact id: 'baf45b2211067d0d746c26ddf60b0b99') in 0.128839 seconds 
========================================================================
Received Import Request.
  Time since last request: 6.030184 seconds.
  path: Assets/Sprites/Enemies/2204_w017_n001_449b_p15_449.jpg
  artifactKey: Guid(6e55005a302b67f4292ddf7179fea933) Importer(815301076,1909f56bfc062723c751e8b465ee728b)
Start importing Assets/Sprites/Enemies/2204_w017_n001_449b_p15_449.jpg using Guid(6e55005a302b67f4292ddf7179fea933) Importer(815301076,1909f56bfc062723c751e8b465ee728b)  -> (artifact id: 'bfd956b5e38e22b0b9b23f85f5b96450') in 0.057958 seconds 
========================================================================
Received Import Request.
  Time since last request: 50.127778 seconds.
  path: Assets/Sprites/Enemies/2204_w017_n001_449b_p15_449.jpg
  artifactKey: Guid(6e55005a302b67f4292ddf7179fea933) Importer(815301076,1909f56bfc062723c751e8b465ee728b)
Start importing Assets/Sprites/Enemies/2204_w017_n001_449b_p15_449.jpg using Guid(6e55005a302b67f4292ddf7179fea933) Importer(815301076,1909f56bfc062723c751e8b465ee728b)  -> (artifact id: '676938cb265dcd8a75edfaa286700b03') in 0.099052 seconds 
========================================================================
Received Import Request.
  Time since last request: 54.075982 seconds.
  path: Assets/Sprites/Enemies/2204_w017_n001_449b_p15_449.jpg
  artifactKey: Guid(6e55005a302b67f4292ddf7179fea933) Importer(815301076,1909f56bfc062723c751e8b465ee728b)
Start importing Assets/Sprites/Enemies/2204_w017_n001_449b_p15_449.jpg using Guid(6e55005a302b67f4292ddf7179fea933) Importer(815301076,1909f56bfc062723c751e8b465ee728b)  -> (artifact id: '43b9f414025da6653763f2aa84cf7150') in 0.064073 seconds 
========================================================================
Received Import Request.
  Time since last request: 83.021713 seconds.
  path: Assets/Sprites/Enemies/2204_w017_n001_449b_p15_449.jpg
  artifactKey: Guid(6e55005a302b67f4292ddf7179fea933) Importer(815301076,1909f56bfc062723c751e8b465ee728b)
Start importing Assets/Sprites/Enemies/2204_w017_n001_449b_p15_449.jpg using Guid(6e55005a302b67f4292ddf7179fea933) Importer(815301076,1909f56bfc062723c751e8b465ee728b)  -> (artifact id: '674139eb88cc12f9561423a2300dd5b0') in 0.079402 seconds 
========================================================================
Received Import Request.
  Time since last request: 142.418885 seconds.
  path: Assets/Sprites/Enemies/2204_w017_n001_449b_p15_449.jpg
  artifactKey: Guid(6e55005a302b67f4292ddf7179fea933) Importer(815301076,1909f56bfc062723c751e8b465ee728b)
Start importing Assets/Sprites/Enemies/2204_w017_n001_449b_p15_449.jpg using Guid(6e55005a302b67f4292ddf7179fea933) Importer(815301076,1909f56bfc062723c751e8b465ee728b)  -> (artifact id: 'e90e2577681cf96dad3ae9c6eb216baa') in 0.067727 seconds 
========================================================================
Received Import Request.
  Time since last request: 70.800865 seconds.
  path: Assets/Animations/Checkpoint .controller
  artifactKey: Guid(c2f45a72b28198a4f8019fdb22dd1409) Importer(815301076,1909f56bfc062723c751e8b465ee728b)
Start importing Assets/Animations/Checkpoint .controller using Guid(c2f45a72b28198a4f8019fdb22dd1409) Importer(815301076,1909f56bfc062723c751e8b465ee728b)  -> (artifact id: '3ebfbf77691faee97e342409f93d65d3') in 0.008402 seconds 
========================================================================
Received Import Request.
  Time since last request: 2.002190 seconds.
  path: Assets/Animations/Flying (46x30)_0.controller
  artifactKey: Guid(81bf697d72412404dab569f87eb0e834) Importer(815301076,1909f56bfc062723c751e8b465ee728b)
Start importing Assets/Animations/Flying (46x30)_0.controller using Guid(81bf697d72412404dab569f87eb0e834) Importer(815301076,1909f56bfc062723c751e8b465ee728b)  -> (artifact id: 'd476e12fa192830e94a4b7da5849348c') in 0.007591 seconds 
========================================================================
Received Import Request.
  Time since last request: 0.794313 seconds.
  path: Assets/Animations/MichiController.controller
  artifactKey: Guid(b31441caf05359c4c838573e45637edf) Importer(815301076,1909f56bfc062723c751e8b465ee728b)
Start importing Assets/Animations/MichiController.controller using Guid(b31441caf05359c4c838573e45637edf) Importer(815301076,1909f56bfc062723c751e8b465ee728b)  -> (artifact id: 'ae69735662faf36ea4dac9dbb76c2c2d') in 0.020050 seconds 
========================================================================
Received Prepare
Registering precompiled user dll's ...
Registered in 0.005231 seconds.
Begin MonoManager ReloadAssembly
Symbol file LoadedFromMemory doesn't match image E:\repos\Manolo_02\proyecto\Library\PackageCache\com.unity.visualscripting@1.8.0\Editor\VisualScripting.Core\Dependencies\YamlDotNet\Unity.VisualScripting.YamlDotNet.dll
Symbol file LoadedFromMemory doesn't match image E:\repos\Manolo_02\proyecto\Library\PackageCache\com.unity.visualscripting@1.8.0\Editor\VisualScripting.Core\Dependencies\DotNetZip\Unity.VisualScripting.IonicZip.dll
Native extension for UWP target not found
Native extension for WindowsStandalone target not found
Native extension for WebGL target not found
Refreshing native plugins compatible for Editor in 0.77 ms, found 4 plugins.
Preloading 0 native plugins for Editor in 0.00 ms.
Mono: successfully reloaded assembly
- Completed reload, in  1.128 seconds
Domain Reload Profiling:
	ReloadAssembly (1128ms)
		BeginReloadAssembly (222ms)
			ExecutionOrderSort (0ms)
			DisableScriptedObjects (5ms)
			BackupInstance (0ms)
			ReleaseScriptingObjects (0ms)
			CreateAndSetChildDomain (27ms)
		EndReloadAssembly (815ms)
			LoadAssemblies (195ms)
			RebuildTransferFunctionScriptingTraits (0ms)
			SetupTypeCache (452ms)
			ReleaseScriptCaches (1ms)
			RebuildScriptCaches (30ms)
			SetupLoadedEditorAssemblies (243ms)
				LogAssemblyErrors (0ms)
				InitializePlatformSupportModulesInManaged (4ms)
				SetLoadedEditorAssemblies (0ms)
				RefreshPlugins (1ms)
				BeforeProcessingInitializeOnLoad (46ms)
				ProcessInitializeOnLoadAttributes (164ms)
				ProcessInitializeOnLoadMethodAttributes (25ms)
				AfterProcessingInitializeOnLoad (2ms)
				EditorAssembliesLoaded (0ms)
			ExecutionOrderSort2 (0ms)
			AwakeInstancesAfterBackupRestoration (4ms)
Platform modules already initialized, skipping
Refreshing native plugins compatible for Editor in 2.06 ms, found 4 plugins.
Preloading 0 native plugins for Editor in 0.00 ms.
Unloading 3934 Unused Serialized files (Serialized files now loaded: 0)
Unloading 23 unused Assets / (95.4 KB). Loaded Objects now: 4656.
Memory consumption went from 155.3 MB to 155.2 MB.
Total: 2.671500 ms (FindLiveObjects: 0.217800 ms CreateObjectMapping: 0.130700 ms MarkObjects: 2.295500 ms  DeleteObjects: 0.027000 ms)

AssetImportParameters requested are different than current active one (requested -> active):
  custom:video-decoder-ogg-theora: a1e56fd34408186e4bbccfd4996cb3dc -> 
  custom:container-muxer-webm: aa71ff27fc2769a1b78a27578f13a17b -> 
  custom:container-demuxer-webm: 4f35f7cbe854078d1ac9338744f61a02 -> 
  custom:video-encoder-webm-vp8: eb34c28f22e8b96e1ab97ce403110664 -> 
  custom:audio-encoder-webm-vorbis: bf7c407c2cedff20999df2af8eb42d56 -> 
  custom:framework-win-MediaFoundation: 216162199b28c13a410421893ffa2e32 -> 
  custom:container-demuxer-ogg: 62fdf1f143b41e24485cea50d1cbac27 -> 
  custom:video-decoder-webm-vp8: 9c59270c3fd7afecdb556c50c9e8de78 -> 
  custom:audio-decoder-ogg-vorbis: bf7c407c2cedff20999df2af8eb42d56 -> 
========================================================================
Received Import Request.
  Time since last request: 217.582291 seconds.
  path: Assets/Animations/MonedaD_0.controller
  artifactKey: Guid(732f48c86a15e4244a7e46faaffdcffd) Importer(815301076,1909f56bfc062723c751e8b465ee728b)
Start importing Assets/Animations/MonedaD_0.controller using Guid(732f48c86a15e4244a7e46faaffdcffd) Importer(815301076,1909f56bfc062723c751e8b465ee728b)  -> (artifact id: 'cda206b3e96cb78de030d030fb294de4') in 0.052800 seconds 
========================================================================
Received Import Request.
  Time since last request: 2.079819 seconds.
  path: Assets/Animations/idle.anim
  artifactKey: Guid(c7caa54587956614caf17ada6b1d2b86) Importer(815301076,1909f56bfc062723c751e8b465ee728b)
Start importing Assets/Animations/idle.anim using Guid(c7caa54587956614caf17ada6b1d2b86) Importer(815301076,1909f56bfc062723c751e8b465ee728b)  -> (artifact id: '6ae1d411d3463e95f8b256c0250e863d') in 0.008755 seconds 
========================================================================
Received Import Request.
  Time since last request: 38.363123 seconds.
  path: Assets/Sprites/sprite prota/atacar.anim
  artifactKey: Guid(c3ce28818bc75a24789165203d9dbdbd) Importer(815301076,1909f56bfc062723c751e8b465ee728b)
Start importing Assets/Sprites/sprite prota/atacar.anim using Guid(c3ce28818bc75a24789165203d9dbdbd) Importer(815301076,1909f56bfc062723c751e8b465ee728b)  -> (artifact id: '1a7a4981fcdf407e2f8707c456bd5d5a') in 0.008889 seconds 
========================================================================
Received Import Request.
  Time since last request: 10.185618 seconds.
  path: Assets/Animations/atacar.anim
  artifactKey: Guid(c3ce28818bc75a24789165203d9dbdbd) Importer(815301076,1909f56bfc062723c751e8b465ee728b)
Start importing Assets/Animations/atacar.anim using Guid(c3ce28818bc75a24789165203d9dbdbd) Importer(815301076,1909f56bfc062723c751e8b465ee728b)  -> (artifact id: '1e1b9027bbc4de8e0b6c8ec01eeb810b') in 0.002296 seconds 
========================================================================
Received Import Request.
  Time since last request: 12.066945 seconds.
  path: Assets/Sprites/jaja kbom
  artifactKey: Guid(86c4d1fbe2550a9408a6294966a910b3) Importer(815301076,1909f56bfc062723c751e8b465ee728b)
Start importing Assets/Sprites/jaja kbom using Guid(86c4d1fbe2550a9408a6294966a910b3) Importer(815301076,1909f56bfc062723c751e8b465ee728b)  -> (artifact id: '58159760131ba8b58f77dc6b0b224785') in 0.006739 seconds 
========================================================================
Received Import Request.
  Time since last request: 0.035422 seconds.
  path: Assets/Sprites/jaja kbom/explosion-1.png
  artifactKey: Guid(68279c1cc8f12ee4987bf4b90dc18317) Importer(815301076,1909f56bfc062723c751e8b465ee728b)
Start importing Assets/Sprites/jaja kbom/explosion-1.png using Guid(68279c1cc8f12ee4987bf4b90dc18317) Importer(815301076,1909f56bfc062723c751e8b465ee728b)  -> (artifact id: '8b82f7eb652170609f3256d6602c5189') in 0.055674 seconds 
========================================================================
Received Import Request.
  Time since last request: 0.000015 seconds.
  path: Assets/Sprites/jaja kbom/explosion-3.png
  artifactKey: Guid(adfda3ef4006ed24aa833d025bad6d09) Importer(815301076,1909f56bfc062723c751e8b465ee728b)
Start importing Assets/Sprites/jaja kbom/explosion-3.png using Guid(adfda3ef4006ed24aa833d025bad6d09) Importer(815301076,1909f56bfc062723c751e8b465ee728b)  -> (artifact id: 'b938589d04e4dab9cd09c68340538fc1') in 0.030912 seconds 
========================================================================
Received Import Request.
  Time since last request: 0.000018 seconds.
  path: Assets/Sprites/jaja kbom/explosion-5.png
  artifactKey: Guid(6e1c944f2f9d0f74ea2ebf381e8fff8c) Importer(815301076,1909f56bfc062723c751e8b465ee728b)
Start importing Assets/Sprites/jaja kbom/explosion-5.png using Guid(6e1c944f2f9d0f74ea2ebf381e8fff8c) Importer(815301076,1909f56bfc062723c751e8b465ee728b)  -> (artifact id: '80c20eb108a0c1366e722e92b7c39df7') in 0.043958 seconds 
========================================================================
Received Import Request.
  Time since last request: 0.000013 seconds.
  path: Assets/Sprites/jaja kbom/explosion-4.png
  artifactKey: Guid(4a45b97a6b249cf43ace9b4229894105) Importer(815301076,1909f56bfc062723c751e8b465ee728b)
Start importing Assets/Sprites/jaja kbom/explosion-4.png using Guid(4a45b97a6b249cf43ace9b4229894105) Importer(815301076,1909f56bfc062723c751e8b465ee728b)  -> (artifact id: 'f1997c9ae72396f7cdbdc840802fd5db') in 0.033947 seconds 
========================================================================
Received Import Request.
  Time since last request: 0.000013 seconds.
  path: Assets/Sprites/jaja kbom/explosion-6.png
  artifactKey: Guid(b54abc4529ae9744fb33d7894264cdde) Importer(815301076,1909f56bfc062723c751e8b465ee728b)
Start importing Assets/Sprites/jaja kbom/explosion-6.png using Guid(b54abc4529ae9744fb33d7894264cdde) Importer(815301076,1909f56bfc062723c751e8b465ee728b)  -> (artifact id: 'f2f0c682b1074a9d0168d4a368336d44') in 0.045190 seconds 
========================================================================
Received Import Request.
  Time since last request: 0.000014 seconds.
  path: Assets/Sprites/jaja kbom/explosion-2.png
  artifactKey: Guid(6341eff6fc230cf49b96677f272ee2d6) Importer(815301076,1909f56bfc062723c751e8b465ee728b)
Start importing Assets/Sprites/jaja kbom/explosion-2.png using Guid(6341eff6fc230cf49b96677f272ee2d6) Importer(815301076,1909f56bfc062723c751e8b465ee728b)  -> (artifact id: '60b6884b7a5ce30e3add8fe44d6b8fd2') in 0.037767 seconds 
